<?xml version="1.0" encoding="UTF-8"?>
<!-- Generated by org.testng.reporters.JUnitXMLReporter -->
<testsuite hostname="Biswajit" ignored="2" name="Command line test" tests="12" failures="12" timestamp="10 Aug 2018 23:54:46 GMT" time="165.774" errors="0">
  <testcase name="validatePostsLinkTest" time="0.0" classname="com.qa.test.HomePageTest">
    <failure type="java.lang.NullPointerException">
      <![CDATA[java.lang.NullPointerException
	at com.qa.test.HomePageTest.validatePostsLinkTest(HomePageTest.java:33)
... Removed 35 stack frames]]>
    </failure>
  </testcase> <!-- validatePostsLinkTest -->
  <testcase name="validateMediaLinkTest" time="0.0" classname="com.qa.test.HomePageTest">
    <failure type="java.lang.NullPointerException">
      <![CDATA[java.lang.NullPointerException
	at com.qa.test.HomePageTest.validateMediaLinkTest(HomePageTest.java:43)
... Removed 35 stack frames]]>
    </failure>
  </testcase> <!-- validateMediaLinkTest -->
  <testcase name="loginTest" time="0.0" classname="com.qa.test.LoginPageTest">
    <failure type="org.testng.TestNGException" message="
Cannot inject @Test annotated Method [loginTest] with [class java.lang.String, class java.lang.String].
For more information on native dependency injection please refer to http://testng.org/doc/documentation-main.html#native-dependency-injection">
      <![CDATA[org.testng.TestNGException: 
Cannot inject @Test annotated Method [loginTest] with [class java.lang.String, class java.lang.String].
For more information on native dependency injection please refer to http://testng.org/doc/documentation-main.html#native-dependency-injection
... Removed 34 stack frames]]>
    </failure>
  </testcase> <!-- loginTest -->
  <testcase name="validateYoutubeEmbedLinkTest" time="0.0" classname="com.qa.test.HomePageTest">
    <failure type="java.lang.NullPointerException">
      <![CDATA[java.lang.NullPointerException
	at com.qa.test.HomePageTest.validateYoutubeEmbedLinkTest(HomePageTest.java:52)
... Removed 35 stack frames]]>
    </failure>
  </testcase> <!-- validateYoutubeEmbedLinkTest -->
  <testcase name="validatePagesLinkTest" time="0.0" classname="com.qa.test.HomePageTest">
    <failure type="java.lang.NullPointerException">
      <![CDATA[java.lang.NullPointerException
	at com.qa.test.HomePageTest.validatePagesLinkTest(HomePageTest.java:61)
... Removed 35 stack frames]]>
    </failure>
  </testcase> <!-- validatePagesLinkTest -->
  <testcase name="validateCommentsLinkTest" time="0.0" classname="com.qa.test.HomePageTest">
    <failure type="java.lang.NullPointerException">
      <![CDATA[java.lang.NullPointerException
	at com.qa.test.HomePageTest.validateCommentsLinkTest(HomePageTest.java:71)
... Removed 35 stack frames]]>
    </failure>
  </testcase> <!-- validateCommentsLinkTest -->
  <testcase name="validateAppearanceLinkTest" time="0.0" classname="com.qa.test.HomePageTest">
    <failure type="java.lang.NullPointerException">
      <![CDATA[java.lang.NullPointerException
	at com.qa.test.HomePageTest.validateAppearanceLinkTest(HomePageTest.java:81)
... Removed 35 stack frames]]>
    </failure>
  </testcase> <!-- validateAppearanceLinkTest -->
  <testcase name="validatePluginsLinkTest" time="0.0" classname="com.qa.test.HomePageTest">
    <failure type="java.lang.NullPointerException">
      <![CDATA[java.lang.NullPointerException
	at com.qa.test.HomePageTest.validatePluginsLinkTest(HomePageTest.java:90)
... Removed 35 stack frames]]>
    </failure>
  </testcase> <!-- validatePluginsLinkTest -->
  <testcase name="validateUsersLinkTest" time="0.001" classname="com.qa.test.HomePageTest">
    <failure type="java.lang.NullPointerException">
      <![CDATA[java.lang.NullPointerException
	at com.qa.test.HomePageTest.validateUsersLinkTest(HomePageTest.java:99)
... Removed 35 stack frames]]>
    </failure>
  </testcase> <!-- validateUsersLinkTest -->
  <testcase name="validateToolsLinkTest" time="0.0" classname="com.qa.test.HomePageTest">
    <failure type="java.lang.NullPointerException">
      <![CDATA[java.lang.NullPointerException
	at com.qa.test.HomePageTest.validateToolsLinkTest(HomePageTest.java:108)
... Removed 35 stack frames]]>
    </failure>
  </testcase> <!-- validateToolsLinkTest -->
  <testcase name="validateSettingsLinkTest" time="0.0" classname="com.qa.test.HomePageTest">
    <failure type="java.lang.NullPointerException">
      <![CDATA[java.lang.NullPointerException
	at com.qa.test.HomePageTest.validateSettingsLinkTest(HomePageTest.java:117)
... Removed 35 stack frames]]>
    </failure>
  </testcase> <!-- validateSettingsLinkTest -->
  <testcase name="validateAccountLinkTest" time="0.001" classname="com.qa.test.HomePageTest">
    <failure type="java.lang.NullPointerException">
      <![CDATA[java.lang.NullPointerException
	at com.qa.test.HomePageTest.validateAccountLinkTest(HomePageTest.java:126)
... Removed 35 stack frames]]>
    </failure>
  </testcase> <!-- validateAccountLinkTest -->
  <testcase name="loginWithInvalidCredentialsTest" time="0.0" classname="com.qa.test.LoginPageTest">
    <ignored/>
  </testcase> <!-- loginWithInvalidCredentialsTest -->
  <testcase name="logoTest" time="0.0" classname="com.qa.test.LoginPageTest">
    <ignored/>
  </testcase> <!-- logoTest -->
</testsuite> <!-- Command line test -->
