<?xml version="1.0" encoding="UTF-8"?>
<testng-results skipped="0" failed="0" ignored="0" total="1" passed="1">
  <reporter-output>
  </reporter-output>
  <suite name="Default suite" duration-ms="34637" started-at="2018-08-11T20:57:57Z" finished-at="2018-08-11T20:58:31Z">
    <groups>
    </groups>
    <test name="Default test" duration-ms="34637" started-at="2018-08-11T20:57:57Z" finished-at="2018-08-11T20:58:31Z">
      <class name="com.qa.test.PostsPageTest">
        <test-method status="PASS" signature="setUp()[pri:0, instance:com.qa.test.PostsPageTest@27efef64]" name="setUp" is-config="true" duration-ms="13450" started-at="2018-08-12T02:27:58Z" finished-at="2018-08-12T02:28:11Z">
          <reporter-output>
          </reporter-output>
        </test-method> <!-- setUp -->
        <test-method status="PASS" signature="createAPostTest(java.lang.String, java.lang.String)[pri:0, instance:com.qa.test.PostsPageTest@27efef64]" name="createAPostTest" duration-ms="19389" started-at="2018-08-12T02:28:11Z" data-provider="getNewPostData" finished-at="2018-08-12T02:28:31Z">
          <params>
            <param index="0">
              <value>
                <![CDATA[post-1]]>
              </value>
            </param>
            <param index="1">
              <value>
                <![CDATA[This is a Demo post For Testing]]>
              </value>
            </param>
          </params>
          <reporter-output>
          </reporter-output>
        </test-method> <!-- createAPostTest -->
        <test-method status="PASS" signature="closeBrowser()[pri:0, instance:com.qa.test.PostsPageTest@27efef64]" name="closeBrowser" is-config="true" duration-ms="902" started-at="2018-08-12T02:28:31Z" finished-at="2018-08-12T02:28:31Z">
          <reporter-output>
          </reporter-output>
        </test-method> <!-- closeBrowser -->
      </class> <!-- com.qa.test.PostsPageTest -->
    </test> <!-- Default test -->
  </suite> <!-- Default suite -->
</testng-results>
