<?xml version="1.0" encoding="UTF-8"?>
<testng-results skipped="0" failed="0" ignored="0" total="1" passed="1">
  <reporter-output>
  </reporter-output>
  <suite name="BiswajitSatapathyTestNGFramework" duration-ms="44709" started-at="2018-08-12T10:48:13Z" finished-at="2018-08-12T10:48:57Z">
    <groups>
    </groups>
    <test name="Test" duration-ms="44709" started-at="2018-08-12T10:48:13Z" finished-at="2018-08-12T10:48:57Z">
      <class name="com.qa.test.PostsPageTest">
        <test-method status="PASS" signature="setUp()[pri:0, instance:com.qa.test.PostsPageTest@685cb137]" name="setUp" is-config="true" duration-ms="23474" started-at="2018-08-12T16:18:14Z" finished-at="2018-08-12T16:18:38Z">
          <reporter-output>
          </reporter-output>
        </test-method> <!-- setUp -->
        <test-method status="PASS" signature="createAPostTest(java.lang.String, java.lang.String)[pri:0, instance:com.qa.test.PostsPageTest@685cb137]" name="createAPostTest" duration-ms="18731" started-at="2018-08-12T16:18:38Z" data-provider="getNewPostData" finished-at="2018-08-12T16:18:56Z">
          <params>
            <param index="0">
              <value>
                <![CDATA[post-1]]>
              </value>
            </param>
            <param index="1">
              <value>
                <![CDATA[This is a Demo post For Testing]]>
              </value>
            </param>
          </params>
          <reporter-output>
          </reporter-output>
        </test-method> <!-- createAPostTest -->
        <test-method status="PASS" signature="closeBrowser()[pri:0, instance:com.qa.test.PostsPageTest@685cb137]" name="closeBrowser" is-config="true" duration-ms="1013" started-at="2018-08-12T16:18:56Z" finished-at="2018-08-12T16:18:57Z">
          <reporter-output>
          </reporter-output>
        </test-method> <!-- closeBrowser -->
      </class> <!-- com.qa.test.PostsPageTest -->
    </test> <!-- Test -->
  </suite> <!-- BiswajitSatapathyTestNGFramework -->
</testng-results>
